<?xml version="1.0" encoding="UTF-8"?>
<!-- Generated by org.testng.reporters.JUnitReportReporter -->
<testsuite skipped="0" hostname="LAPTOP-TJKKK52O" name="TestUtils.AjaxExpectedCondition" tests="1" failures="0" timestamp="2021-06-01T21:11:41 IST" time="22.670" errors="0">
  <testcase name="check_Till_TextPresent" time="22.670" classname="TestUtils.AjaxExpectedCondition"/>
  <system-out/>
</testsuite> <!-- TestUtils.AjaxExpectedCondition -->
